[0120/233322.600797:INFO:CONSOLE(123)] "


                                            
 .d8888b.  888                       888    
d88P  Y88b 888                       888    
Y88b.      888                       888    This is a browser feature intended for 
 "Y888b.   888888  .d88b.  88888b.   888    developers. If someone told you to copy-paste 
    "Y88b. 888    d88""88b 888 "88b  888    something here to enable a Facebook feature 
      "888 888    888  888 888  888  Y8P    or "hack" someone's account, it is a 
Y88b  d88P Y88b.  Y88..88P 888 d88P         scam and will give them access to your 
 "Y8888P"   "Y888  "Y88P"  88888P"   888    Facebook account.
                           888              
                           888              
                           888              

See https://www.facebook.com/selfxss for more information.
", source: https://static.xx.fbcdn.net/rsrc.php/v3iojF4/y-/l/en_US/J3Z5l6K3wix.js?_nc_x=o-ePiSUeOTR (123)
[0120/233325.577171:INFO:CONSOLE(0)] "The resource https://scontent.ftlv6-1.fna.fbcdn.net/v/t1.30497-1/c47.0.160.160a/p160x160/84241059_189132118950875_4138507100605120512_n.jpg?_nc_cat=1&ccb=2&_nc_sid=7206a8&_nc_ohc=6TR8_jPrp-0AX9RvRbC&_nc_ht=scontent.ftlv6-1.fna&tp=27&oh=69777c749b0bdf297e0ac5d62ed2cb38&oe=602C9E24 was preloaded using link preload but not used within a few seconds from the window's load event. Please make sure it has an appropriate `as` value and it is preloaded intentionally.", source: https://www.facebook.com/ (0)
[0120/233325.577213:INFO:CONSOLE(0)] "The resource https://static.xx.fbcdn.net/rsrc.php/v3/yo/r/DO-SN-shaZL.png was preloaded using link preload but not used within a few seconds from the window's load event. Please make sure it has an appropriate `as` value and it is preloaded intentionally.", source: https://www.facebook.com/ (0)
[0120/233325.577227:INFO:CONSOLE(0)] "The resource https://scontent.ftlv6-1.fna.fbcdn.net/v/t1.30497-1/cp0/c18.0.60.60a/p60x60/84241059_189132118950875_4138507100605120512_n.jpg?_nc_cat=1&ccb=2&_nc_sid=7206a8&_nc_ohc=6TR8_jPrp-0AX9RvRbC&_nc_ht=scontent.ftlv6-1.fna&tp=27&oh=f48d99e639e35b26539ab8bdfe788543&oe=602DB673 was preloaded using link preload but not used within a few seconds from the window's load event. Please make sure it has an appropriate `as` value and it is preloaded intentionally.", source: https://www.facebook.com/ (0)
[0120/233325.577240:INFO:CONSOLE(0)] "The resource https://scontent.ftlv6-1.fna.fbcdn.net/v/t1.0-1/cp0/p40x40/135484574_104080061640262_9189538163963599833_o.jpg?_nc_cat=105&ccb=2&_nc_sid=1eb0c7&_nc_ohc=27MuCZuT3vwAX-v46c_&_nc_ht=scontent.ftlv6-1.fna&tp=27&oh=81dcb5c3da65ce4f939c2fae9e76e88f&oe=602E652C was preloaded using link preload but not used within a few seconds from the window's load event. Please make sure it has an appropriate `as` value and it is preloaded intentionally.", source: https://www.facebook.com/ (0)
[0120/233325.577255:INFO:CONSOLE(0)] "The resource https://static.xx.fbcdn.net/rsrc.php/v3/y2/r/zVvRrO8pOtu.png was preloaded using link preload but not used within a few seconds from the window's load event. Please make sure it has an appropriate `as` value and it is preloaded intentionally.", source: https://www.facebook.com/ (0)
[0120/233327.915142:INFO:CONSOLE(123)] "


                                            
 .d8888b.  888                       888    
d88P  Y88b 888                       888    
Y88b.      888                       888    This is a browser feature intended for 
 "Y888b.   888888  .d88b.  88888b.   888    developers. If someone told you to copy-paste 
    "Y88b. 888    d88""88b 888 "88b  888    something here to enable a Facebook feature 
      "888 888    888  888 888  888  Y8P    or "hack" someone's account, it is a 
Y88b  d88P Y88b.  Y88..88P 888 d88P         scam and will give them access to your 
 "Y8888P"   "Y888  "Y88P"  88888P"   888    Facebook account.
                           888              
                           888              
                           888              

See https://www.facebook.com/selfxss for more information.
", source: https://static.xx.fbcdn.net/rsrc.php/v3iojF4/y-/l/en_US/J3Z5l6K3wix.js?_nc_x=o-ePiSUeOTR (123)
