[11566:11566:0121/152805.103670:ERROR:profile_manager.cc(1459)] Cannot create profile at path /home/magic/wholesomegarden/facebookPageRSS/app/session/rprofile2//home/magic/wholesomegarden/facebookPageRSS/app/session/rprofile2rprofile2/Profile 1
[11566:11566:0121/152805.223107:WARNING:CONSOLE(1693)] "HTML Imports is deprecated and will be removed in M80, around February 2020. Please use ES modules instead. See https://www.chromestatus.com/features/5144752345317376 and https://developers.google.com/web/updates/2019/07/web-components-time-to-upgrade for more details.", source: chrome://md-user-manager/ (1693)
[11566:11566:0121/152808.487030:INFO:CONSOLE(157)] "Slow network is detected. See https://www.chromestatus.com/feature/5636954674692096 for more details. Fallback font will be used while loading: https://fonts.gstatic.com/s/roboto/v20/KFOmCnqEu92Fr1Mu4mxK.woff2", source:  (157)
[11566:11566:0121/152812.626067:INFO:CONSOLE(218)] "
%cStop! font-family:helvetica; font-size:20px; font-size:50px; font-weight:bold; color:red; -webkit-text-stroke:1px black;", source: https://static.xx.fbcdn.net/rsrc.php/v3/y9/r/gY_8hykC0Kp.js?_nc_x=o-ePiSUeOTR (218)
[11566:11566:0121/152812.626124:INFO:CONSOLE(218)] "
%cThis is a browser feature intended for developers. If someone told you to copy-paste something here to enable a Facebook feature or "hack" someone's account, it is a scam and will give them access to your Facebook account. font-family:helvetica; font-size:20px; ", source: https://static.xx.fbcdn.net/rsrc.php/v3/y9/r/gY_8hykC0Kp.js?_nc_x=o-ePiSUeOTR (218)
[11566:11566:0121/152812.626153:INFO:CONSOLE(218)] "
%cSee https://www.facebook.com/selfxss for more information. font-family:helvetica; font-size:20px; ", source: https://static.xx.fbcdn.net/rsrc.php/v3/y9/r/gY_8hykC0Kp.js?_nc_x=o-ePiSUeOTR (218)
[11566:11566:0121/152812.626190:INFO:CONSOLE(218)] "
%c ", source: https://static.xx.fbcdn.net/rsrc.php/v3/y9/r/gY_8hykC0Kp.js?_nc_x=o-ePiSUeOTR (218)
[11566:11566:0121/152817.753680:INFO:CONSOLE(218)] "
%cStop! font-family:helvetica; font-size:20px; font-size:50px; font-weight:bold; color:red; -webkit-text-stroke:1px black;", source: https://static.xx.fbcdn.net/rsrc.php/v3/y9/r/gY_8hykC0Kp.js?_nc_x=o-ePiSUeOTR (218)
[11566:11566:0121/152817.753732:INFO:CONSOLE(218)] "
%cThis is a browser feature intended for developers. If someone told you to copy-paste something here to enable a Facebook feature or "hack" someone's account, it is a scam and will give them access to your Facebook account. font-family:helvetica; font-size:20px; ", source: https://static.xx.fbcdn.net/rsrc.php/v3/y9/r/gY_8hykC0Kp.js?_nc_x=o-ePiSUeOTR (218)
[11566:11566:0121/152817.753771:INFO:CONSOLE(218)] "
%cSee https://www.facebook.com/selfxss for more information. font-family:helvetica; font-size:20px; ", source: https://static.xx.fbcdn.net/rsrc.php/v3/y9/r/gY_8hykC0Kp.js?_nc_x=o-ePiSUeOTR (218)
[11566:11566:0121/152817.753804:INFO:CONSOLE(218)] "
%c ", source: https://static.xx.fbcdn.net/rsrc.php/v3/y9/r/gY_8hykC0Kp.js?_nc_x=o-ePiSUeOTR (218)
[11566:11566:0121/152820.234702:INFO:CONSOLE(0)] "The resource https://scontent.ftlv6-1.fna.fbcdn.net/v/t1.0-1/cp0/p40x40/92125386_10159606109892598_2035647368241610752_o.jpg?_nc_cat=107&ccb=2&_nc_sid=7206a8&_nc_ohc=A1yoMVC3XQoAX-MQLFi&_nc_ht=scontent.ftlv6-1.fna&tp=27&oh=8c7fadc2c33ecd0cc1e6b52b861cc08f&oe=602E794D was preloaded using link preload but not used within a few seconds from the window's load event. Please make sure it has an appropriate `as` value and it is preloaded intentionally.", source: https://www.facebook.com/groups/supertool (0)
[11566:11566:0121/152820.234759:INFO:CONSOLE(0)] "The resource https://scontent.ftlv6-1.fna.fbcdn.net/v/t1.0-1/cp0/p40x40/39808030_10156690918792311_1383732226755133440_n.jpg?_nc_cat=111&ccb=2&_nc_sid=7206a8&_nc_ohc=VNixbuWEhToAX9WDUKc&_nc_ht=scontent.ftlv6-1.fna&tp=27&oh=f80ebf8b563c817b07789eb42982cad9&oe=60309230 was preloaded using link preload but not used within a few seconds from the window's load event. Please make sure it has an appropriate `as` value and it is preloaded intentionally.", source: https://www.facebook.com/groups/supertool (0)
[11600:11616:0121/152829.926729:WARNING:sqlite_persistent_store_backend_base.cc(171)] Failed to post task from FlushAndNotifyInBackground@../../net/extras/sqlite/sqlite_persistent_store_backend_base.cc:220 to client_task_runner_.
[11600:11616:0121/152829.926778:WARNING:sqlite_persistent_store_backend_base.cc(171)] Failed to post task from FlushAndNotifyInBackground@../../net/extras/sqlite/sqlite_persistent_store_backend_base.cc:220 to client_task_runner_.
[11566:11566:0121/152829.931946:WARNING:pref_notifier_impl.cc(40)] Pref observer for media_router.cast_allow_all_ips found at shutdown.
