[0120/232338.224790:INFO:CONSOLE(18)] "


                                            
 .d8888b.  888                       888    
d88P  Y88b 888                       888    
Y88b.      888                       888    This is a browser feature intended for 
 "Y888b.   888888  .d88b.  88888b.   888    developers. If someone told you to copy 
    "Y88b. 888    d88""88b 888 "88b  888    and paste something here to enable a 
      "888 888    888  888 888  888  Y8P    Facebook feature or "hack" someone's 
Y88b  d88P Y88b.  Y88..88P 888 d88P         account, it is a scam and will give them 
 "Y8888P"   "Y888  "Y88P"  88888P"   888    access to your Facebook account.
                           888              
                           888              
                           888              

See https://www.facebook.com/selfxss for more information.
", source: https://static.xx.fbcdn.net/rsrc.php/v3iX3c4/y5/l/en_GB/PF0oOrFMenu.js?_nc_x=Ij3Wp8lg5Kz (18)
[0120/232345.689798:INFO:CONSOLE(123)] "


                                            
 .d8888b.  888                       888    
d88P  Y88b 888                       888    
Y88b.      888                       888    This is a browser feature intended for 
 "Y888b.   888888  .d88b.  88888b.   888    developers. If someone told you to copy-paste 
    "Y88b. 888    d88""88b 888 "88b  888    something here to enable a Facebook feature 
      "888 888    888  888 888  888  Y8P    or "hack" someone's account, it is a 
Y88b  d88P Y88b.  Y88..88P 888 d88P         scam and will give them access to your 
 "Y8888P"   "Y888  "Y88P"  88888P"   888    Facebook account.
                           888              
                           888              
                           888              

See https://www.facebook.com/selfxss for more information.
", source: https://static.xx.fbcdn.net/rsrc.php/v3iojF4/y-/l/en_US/J3Z5l6K3wix.js?_nc_x=o-ePiSUeOTR (123)
[0120/232355.255318:INFO:CONSOLE(123)] "


                                            
 .d8888b.  888                       888    
d88P  Y88b 888                       888    
Y88b.      888                       888    This is a browser feature intended for 
 "Y888b.   888888  .d88b.  88888b.   888    developers. If someone told you to copy-paste 
    "Y88b. 888    d88""88b 888 "88b  888    something here to enable a Facebook feature 
      "888 888    888  888 888  888  Y8P    or "hack" someone's account, it is a 
Y88b  d88P Y88b.  Y88..88P 888 d88P         scam and will give them access to your 
 "Y8888P"   "Y888  "Y88P"  88888P"   888    Facebook account.
                           888              
                           888              
                           888              

See https://www.facebook.com/selfxss for more information.
", source: https://static.xx.fbcdn.net/rsrc.php/v3iojF4/y-/l/en_US/J3Z5l6K3wix.js?_nc_x=o-ePiSUeOTR (123)
